<?xml version="1.0" encoding="UTF-8"?>
<!-- Generated by org.testng.reporters.JUnitXMLReporter -->
<testsuite ignored="0" hostname="DESKTOP-L2RJAAD" failures="0" tests="12" name="Command line test" time="114.239" errors="0" timestamp="2020-04-16T16:23:37 EDT">
  <testcase classname="com.crm.qa.testcases.ContactPageTest" name="@BeforeMethod setUp" time="13.093">
    <failure type="org.openqa.selenium.SessionNotCreatedException" message="session not created
from chrome not reachable
  (Session info: chrome=81.0.4044.92)
Build info: version: &amp;apos;3.141.59&amp;apos;, revision: &amp;apos;e82be7d358&amp;apos;, time: &amp;apos;2018-11-14T08:17:03&amp;apos;
System info: host: &amp;apos;DESKTOP-L2RJAAD&amp;apos;, ip: &amp;apos;192.168.0.19&amp;apos;, os.name: &amp;apos;Windows 10&amp;apos;, os.arch: &amp;apos;amd64&amp;apos;, os.version: &amp;apos;10.0&amp;apos;, java.version: &amp;apos;9.0.1&amp;apos;
Driver info: driver.version: ChromeDriver
remote stacktrace: Backtrace:
	Ordinal0 [0x00755F73+2449267]
	Ordinal0 [0x00688361+1606497]
	Ordinal0 [0x0057F812+522258]
	Ordinal0 [0x005795B2+497074]
	Ordinal0 [0x00579C9B+498843]
	Ordinal0 [0x0057ABF5+502773]
	Ordinal0 [0x00576724+485156]
	Ordinal0 [0x00580600+525824]
	Ordinal0 [0x0052CBB9+183225]
	Ordinal0 [0x0052BF2D+180013]
	Ordinal0 [0x00529E5B+171611]
	Ordinal0 [0x00511DD8+73176]
	Ordinal0 [0x00512E50+77392]
	Ordinal0 [0x00512DE9+77289]
	Ordinal0 [0x0069D8D7+1693911]
	GetHandleVerifier [0x007F4036+522726]
	GetHandleVerifier [0x007F3D74+522020]
	GetHandleVerifier [0x00809187+609079]
	GetHandleVerifier [0x007F48A6+524886]
	Ordinal0 [0x00695CBC+1662140]
	Ordinal0 [0x0069F23B+1700411]
	Ordinal0 [0x0069F3A3+1700771]
	Ordinal0 [0x006B5215+1790485]
	BaseThreadInitThunk [0x770F6359+25]
	RtlGetAppContainerNamedObjectPath [0x77C27B74+228]
	RtlGetAppContainerNamedObjectPath [0x77C27B44+180]
">
      <![CDATA[org.openqa.selenium.SessionNotCreatedException: session not created
from chrome not reachable
  (Session info: chrome=81.0.4044.92)
Build info: version: '3.141.59', revision: 'e82be7d358', time: '2018-11-14T08:17:03'
System info: host: 'DESKTOP-L2RJAAD', ip: '192.168.0.19', os.name: 'Windows 10', os.arch: 'amd64', os.version: '10.0', java.version: '9.0.1'
Driver info: driver.version: ChromeDriver
remote stacktrace: Backtrace:
Ordinal0 [0x00755F73+2449267]
Ordinal0 [0x00688361+1606497]
Ordinal0 [0x0057F812+522258]
Ordinal0 [0x005795B2+497074]
Ordinal0 [0x00579C9B+498843]
Ordinal0 [0x0057ABF5+502773]
Ordinal0 [0x00576724+485156]
Ordinal0 [0x00580600+525824]
Ordinal0 [0x0052CBB9+183225]
Ordinal0 [0x0052BF2D+180013]
Ordinal0 [0x00529E5B+171611]
Ordinal0 [0x00511DD8+73176]
Ordinal0 [0x00512E50+77392]
Ordinal0 [0x00512DE9+77289]
Ordinal0 [0x0069D8D7+1693911]
GetHandleVerifier [0x007F4036+522726]
GetHandleVerifier [0x007F3D74+522020]
GetHandleVerifier [0x00809187+609079]
GetHandleVerifier [0x007F48A6+524886]
Ordinal0 [0x00695CBC+1662140]
Ordinal0 [0x0069F23B+1700411]
Ordinal0 [0x0069F3A3+1700771]
Ordinal0 [0x006B5215+1790485]
BaseThreadInitThunk [0x770F6359+25]
RtlGetAppContainerNamedObjectPath [0x77C27B74+228]
RtlGetAppContainerNamedObjectPath [0x77C27B44+180]

at org.openqa.selenium.remote.W3CHandshakeResponse.lambda$errorHandler$0(W3CHandshakeResponse.java:62)
at org.openqa.selenium.remote.HandshakeResponse.lambda$getResponseFunction$0(HandshakeResponse.java:30)
at org.openqa.selenium.remote.ProtocolHandshake.lambda$createSession$0(ProtocolHandshake.java:126)
at java.base/java.util.stream.ReferencePipeline$3$1.accept(ReferencePipeline.java:195)
at java.base/java.util.Spliterators$ArraySpliterator.tryAdvance(Spliterators.java:958)
at java.base/java.util.stream.ReferencePipeline.forEachWithCancel(ReferencePipeline.java:127)
at java.base/java.util.stream.AbstractPipeline.copyIntoWithCancel(AbstractPipeline.java:502)
at java.base/java.util.stream.AbstractPipeline.copyInto(AbstractPipeline.java:488)
at java.base/java.util.stream.AbstractPipeline.wrapAndCopyInto(AbstractPipeline.java:474)
at java.base/java.util.stream.FindOps$FindOp.evaluateSequential(FindOps.java:152)
at java.base/java.util.stream.AbstractPipeline.evaluate(AbstractPipeline.java:234)
at java.base/java.util.stream.ReferencePipeline.findFirst(ReferencePipeline.java:476)
at org.openqa.selenium.remote.ProtocolHandshake.createSession(ProtocolHandshake.java:128)
at org.openqa.selenium.remote.ProtocolHandshake.createSession(ProtocolHandshake.java:74)
at org.openqa.selenium.remote.HttpCommandExecutor.execute(HttpCommandExecutor.java:136)
at org.openqa.selenium.remote.service.DriverCommandExecutor.execute(DriverCommandExecutor.java:83)
at org.openqa.selenium.remote.RemoteWebDriver.execute(RemoteWebDriver.java:552)
at org.openqa.selenium.remote.RemoteWebDriver.startSession(RemoteWebDriver.java:213)
at org.openqa.selenium.remote.RemoteWebDriver.<init>(RemoteWebDriver.java:131)
at org.openqa.selenium.chrome.ChromeDriver.<init>(ChromeDriver.java:181)
at org.openqa.selenium.chrome.ChromeDriver.<init>(ChromeDriver.java:168)
at org.openqa.selenium.chrome.ChromeDriver.<init>(ChromeDriver.java:123)
at com.crm.qa.base.TestBase.initialization(TestBase.java:46)
at com.crm.qa.testcases.ContactPageTest.setUp(ContactPageTest.java:37)
at java.base/java.util.ArrayList.forEach(ArrayList.java:1380)
... Removed 45 stack frames]]>
    </failure>
  </testcase> <!-- @BeforeMethod setUp -->
  <testcase classname="com.crm.qa.testcases.ContactPageTest" name="@AfterMethod tearDown" time="-1.587068528796E9">
    <skipped/>
  </testcase> <!-- @AfterMethod tearDown -->
  <testcase classname="com.crm.qa.testcases.ContactPageTest" name="@BeforeMethod setUp" time="-1.587068528797E9">
    <skipped/>
  </testcase> <!-- @BeforeMethod setUp -->
  <testcase classname="com.crm.qa.testcases.ContactPageTest" name="@AfterMethod tearDown" time="-1.587068528798E9">
    <skipped/>
  </testcase> <!-- @AfterMethod tearDown -->
  <testcase classname="com.crm.qa.testcases.ContactPageTest" name="@BeforeMethod setUp" time="-1.5870685298E9">
    <skipped/>
  </testcase> <!-- @BeforeMethod setUp -->
  <testcase classname="com.crm.qa.testcases.ContactPageTest" name="@AfterMethod tearDown" time="-1.5870685298E9">
    <skipped/>
  </testcase> <!-- @AfterMethod tearDown -->
  <testcase classname="com.crm.qa.testcases.ContactPageTest" name="@BeforeMethod setUp" time="-1.5870685298E9">
    <skipped/>
  </testcase> <!-- @BeforeMethod setUp -->
  <testcase classname="com.crm.qa.testcases.ContactPageTest" name="@AfterMethod tearDown" time="-1.587068529801E9">
    <skipped/>
  </testcase> <!-- @AfterMethod tearDown -->
  <testcase classname="com.crm.qa.testcases.ContactPageTest" name="@BeforeMethod setUp" time="-1.587068529802E9">
    <skipped/>
  </testcase> <!-- @BeforeMethod setUp -->
  <testcase classname="com.crm.qa.testcases.ContactPageTest" name="@AfterMethod tearDown" time="-1.587068529802E9">
    <skipped/>
  </testcase> <!-- @AfterMethod tearDown -->
  <testcase classname="com.crm.qa.testcases.LoginPageTest" name="@BeforeMethod setUp" time="35.3">
    <failure type="org.openqa.selenium.WebDriverException" message="chrome not reachable
  (Session info: chrome=81.0.4044.92)
Build info: version: &amp;apos;3.141.59&amp;apos;, revision: &amp;apos;e82be7d358&amp;apos;, time: &amp;apos;2018-11-14T08:17:03&amp;apos;
System info: host: &amp;apos;DESKTOP-L2RJAAD&amp;apos;, ip: &amp;apos;192.168.0.19&amp;apos;, os.name: &amp;apos;Windows 10&amp;apos;, os.arch: &amp;apos;amd64&amp;apos;, os.version: &amp;apos;10.0&amp;apos;, java.version: &amp;apos;9.0.1&amp;apos;
Driver info: org.openqa.selenium.chrome.ChromeDriver
Capabilities {acceptInsecureCerts: false, browserName: chrome, browserVersion: 81.0.4044.92, chrome: {chromedriverVersion: 81.0.4044.69 (6813546031a4b..., userDataDir: C:\Users\iqbal\AppData\Loca...}, goog:chromeOptions: {debuggerAddress: localhost:62357}, javascriptEnabled: true, networkConnectionEnabled: false, pageLoadStrategy: normal, platform: WINDOWS, platformName: WINDOWS, proxy: Proxy(), setWindowRect: true, strictFileInteractability: false, timeouts: {implicit: 0, pageLoad: 300000, script: 30000}, unhandledPromptBehavior: dismiss and notify, webauthn:virtualAuthenticators: true}
Session ID: 187ec75ab4879dee1b524d92136c2624">
      <![CDATA[org.openqa.selenium.WebDriverException: chrome not reachable
  (Session info: chrome=81.0.4044.92)
Build info: version: '3.141.59', revision: 'e82be7d358', time: '2018-11-14T08:17:03'
System info: host: 'DESKTOP-L2RJAAD', ip: '192.168.0.19', os.name: 'Windows 10', os.arch: 'amd64', os.version: '10.0', java.version: '9.0.1'
Driver info: org.openqa.selenium.chrome.ChromeDriver
Capabilities {acceptInsecureCerts: false, browserName: chrome, browserVersion: 81.0.4044.92, chrome: {chromedriverVersion: 81.0.4044.69 (6813546031a4b..., userDataDir: C:\Users\iqbal\AppData\Loca...}, goog:chromeOptions: {debuggerAddress: localhost:62357}, javascriptEnabled: true, networkConnectionEnabled: false, pageLoadStrategy: normal, platform: WINDOWS, platformName: WINDOWS, proxy: Proxy(), setWindowRect: true, strictFileInteractability: false, timeouts: {implicit: 0, pageLoad: 300000, script: 30000}, unhandledPromptBehavior: dismiss and notify, webauthn:virtualAuthenticators: true}
Session ID: 187ec75ab4879dee1b524d92136c2624
at org.openqa.selenium.remote.http.W3CHttpResponseCodec.createException(W3CHttpResponseCodec.java:187)
at org.openqa.selenium.remote.http.W3CHttpResponseCodec.decode(W3CHttpResponseCodec.java:122)
at org.openqa.selenium.remote.http.W3CHttpResponseCodec.decode(W3CHttpResponseCodec.java:49)
at org.openqa.selenium.remote.HttpCommandExecutor.execute(HttpCommandExecutor.java:158)
at org.openqa.selenium.remote.service.DriverCommandExecutor.execute(DriverCommandExecutor.java:83)
at org.openqa.selenium.remote.RemoteWebDriver.execute(RemoteWebDriver.java:552)
at org.openqa.selenium.remote.RemoteWebDriver.execute(RemoteWebDriver.java:609)
at org.openqa.selenium.remote.RemoteWebDriver$RemoteWebDriverOptions.deleteAllCookies(RemoteWebDriver.java:694)
at org.openqa.selenium.support.events.EventFiringWebDriver$EventFiringOptions.deleteAllCookies(EventFiringWebDriver.java:630)
at com.crm.qa.base.TestBase.initialization(TestBase.java:60)
at com.crm.qa.testcases.LoginPageTest.setUp(LoginPageTest.java:26)
at java.base/java.util.ArrayList.forEach(ArrayList.java:1380)
... Removed 45 stack frames]]>
    </failure>
  </testcase> <!-- @BeforeMethod setUp -->
  <testcase classname="com.crm.qa.testcases.LoginPageTest" name="@AfterMethod tearDown" time="-1.587068617682E9">
    <skipped/>
  </testcase> <!-- @AfterMethod tearDown -->
  <testcase classname="com.crm.qa.testcases.ContactPageTest" name="verifyContactLabelTest" time="1.005"/>
  <testcase classname="com.crm.qa.testcases.ContactPageTest" name="selectContactsByNameTest" time="0.0">
    <skipped/>
  </testcase> <!-- selectContactsByNameTest -->
  <testcase classname="com.crm.qa.testcases.ContactPageTest" name="selectMultipleContactsByNameTest" time="0.0">
    <skipped/>
  </testcase> <!-- selectMultipleContactsByNameTest -->
  <testcase classname="com.crm.qa.testcases.ContactPageTest" name="validateCreateNewContactPageTest" time="0.0">
    <skipped/>
  </testcase> <!-- validateCreateNewContactPageTest -->
  <testcase classname="com.crm.qa.testcases.ContactPageTest" name="validateCreateNewContactPageTest" time="0.0">
    <skipped/>
  </testcase> <!-- validateCreateNewContactPageTest -->
  <testcase classname="com.crm.qa.testcases.ContactPageTest" name="validateCreateNewContactPageTest" time="0.0">
    <skipped/>
  </testcase> <!-- validateCreateNewContactPageTest -->
  <testcase classname="com.crm.qa.testcases.HomePageTest" name="verifyHomePageTitleTest" time="0.008"/>
  <testcase classname="com.crm.qa.testcases.HomePageTest" name="verifyUserNameTest" time="0.081"/>
  <testcase classname="com.crm.qa.testcases.HomePageTest" name="verifyContactsLinkTest" time="1.842"/>
  <testcase classname="com.crm.qa.testcases.LoginPageTest" name="loginPageTitleTest" time="1.005"/>
  <testcase classname="com.crm.qa.testcases.LoginPageTest" name="crmLogoImageTest" time="0.095"/>
  <testcase classname="com.crm.qa.testcases.LoginPageTest" name="loginTest" time="0.0">
    <skipped/>
  </testcase> <!-- loginTest -->
</testsuite> <!-- Command line test -->
